make all --print-data-base --no-builtin-variables --no-builtin-rules --question
# GNU Make 4.2.1
# Built for x86_64-pc-linux-gnu
# Copyright (C) 1988-2016 Free Software Foundation, Inc.
# License GPLv3+: GNU GPL version 3 or later <http://gnu.org/licenses/gpl.html>
# This is free software: you are free to change and redistribute it.
# There is NO WARRANTY, to the extent permitted by law.
 

# Make data base, printed on Thu Mar 17 10:12:35 2022

# Variables

# automatic
<D = $(patsubst %/,%,$(dir $<))
# automatic
?F = $(notdir $?)
# default
.SHELLFLAGS := -c
# environment
VSCODE_AGENT_FOLDER = /home/codespace/.vscode-remote
# environment
VSCODE_LOG_NATIVE = false
# environment
NODE_ROOT = /home/codespace/.nodejs
# automatic
?D = $(patsubst %/,%,$(dir $?))
# environment
JAVA_ROOT = /home/codespace/.java
# automatic
@D = $(patsubst %/,%,$(dir $@))
# automatic
@F = $(notdir $@)
# makefile
CURDIR := /workspaces/COM-112-Project
# environment
DOCKER_BUILDKIT = 1
# environment
PYTHON_ROOT = /home/codespace/.python
# environment
VSCODE_NLS_CONFIG = {"locale":"it","availableLanguages":{}}
# environment
GITHUB_GRAPHQL_URL = https://api.github.com/graphql
# environment
RUBY_HOME = /opt/ruby/lts
# environment
GITHUB_TOKEN = ghu_E9KZQBJy9Q1a9nLbXS6HLe5v2S67jy0Z2f38
# makefile (from 'makefile', line 1)
MAKEFILE_LIST :=  makefile
# environment
ENABLE_DYNAMIC_INSTALL = true
# environment
DEBUG = ,vs-ssh
# 'override' directive
GNUMAKEFLAGS := 
# makefile (from 'makefile', line 4)
CXXFLAGS = -g -Wall -std=c++11
# environment
VSCODE_VERBOSE_LOGGING = true
# environment
VSCODE_CWD = /vscode/bin/linux-x64/c722ca6c7eed3d7987c0d5c3df5c45f6b15e77d1
# environment
NUGET_PACKAGES = /var/nuget
# environment
DOTNET_SKIP_FIRST_TIME_EXPERIENCE = 1
# environment
PATH = /vscode/bin/linux-x64/c722ca6c7eed3d7987c0d5c3df5c45f6b15e77d1/bin/remote-cli:/home/codespace/.nvm/current/bin:/home/codespace/.npm-global/bin:/usr/local/sbin:/usr/local/bin:/usr/sbin:/usr/bin:/sbin:/bin:/home/codespace/.dotnet:/home/codespace/.dotnet/tools:/usr/local/sdkman/bin:/usr/local/sdkman/candidates/gradle/current/bin:/usr/local/sdkman/candidates/java/current/bin:/opt/maven/lts:/usr/local/cargo/bin:/usr/local/go/bin:/go/bin:/usr/local/py-utils/bin:/opt/conda/condabin:/home/codespace/.java/current/bin:/home/codespace/.nodejs/current/bin:/home/codespace/.php/current/bin:/home/codespace/.python/current/bin:/home/codespace/.ruby/current/bin:/home/codespace/.maven/current/bin:/home/codespace/.hugo/current/bin:/opt/oryx:/opt/nodejs/lts/bin:/opt/dotnet/lts:/opt/python/latest/bin:/opt/php/lts/bin:/opt/php-composer:/opt/yarn/stable/bin:/opt/hugo/lts::/opt/java/lts/bin:/opt/maven/lts/bin:/opt/ruby/lts/bin
# makefile (from 'makefile', line 5)
CXXFILES = project.cc simulation.cc squarecell.cc squarecell/error_squarecell.cc simulation/anthill.cc simulation/ants.cc simulation/food.cc shared/message.cc
# environment
DYNAMIC_INSTALL_ROOT_DIR = /opt
# environment
CLOUDENV_ENVIRONMENT_ID = e25ec43d-f289-4b19-a97f-d993abea59ef
# environment
ORYX_AI_INSTRUMENTATION_KEY = 4aadba6b-30c8-42db-9b93-024d5c62b887
# environment
GITHUB_SERVER_URL = https://github.com
# environment
PIPX_BIN_DIR = /usr/local/py-utils/bin
# environment
PIPX_HOME = /usr/local/py-utils
# environment
SDKMAN_DIR = /usr/local/sdkman
# environment
GOPATH = /go
# environment
VSCODE_LOG_STACK = false
# environment
NUGET_XMLDOC_MODE = skip
# environment
VSCODE_IPC_HOOK_CLI = /tmp/vscode-ipc-9f2bd27e-c629-4aab-8b35-cd2dd57901a9.sock
# default
.FEATURES := target-specific order-only second-expansion else-if shortest-stem undefine oneshell archives jobserver output-sync check-symlink load
# environment
CODESPACES = true
# environment
CODESPACE_NAME = danielpanero-com-112-project-jqgg9p6j27r4
# automatic
%F = $(notdir $%)
# environment
CONDA_SCRIPT = /opt/conda/etc/profile.d/conda.sh
# environment
VSCODE_PIPE_LOGGING = true
# environment
ORIGINAL_PATH = /usr/local/sbin:/usr/local/bin:/usr/sbin:/usr/bin:/sbin:/bin
# environment
ORYX_SDK_STORAGE_BASE_URL = https://oryx-cdn.microsoft.io
# environment
DOTNET_ROOT = /home/codespace/.dotnet
# default
.LOADED := 
# environment
RUSTUP_HOME = /usr/local/rustup
# environment
RVM_PATH = /usr/local/rvm
# environment
NPM_GLOBAL = /home/codespace/.npm-global
# environment
ORYX_PATHS = /opt/oryx:/opt/nodejs/lts/bin:/opt/dotnet/lts:/opt/python/latest/bin:/opt/php/lts/bin:/opt/php-composer:/opt/yarn/stable/bin:/opt/hugo/lts::/opt/java/lts/bin:/opt/maven/lts/bin:/opt/ruby/lts/bin
# environment
NVM_SYMLINK_CURRENT = true
# environment
VSCODE_AMD_ENTRYPOINT = vs/workbench/api/node/extensionHostProcess
# environment
HOME = /home/codespace
# environment
APPLICATION_INSIGHTS_NO_DIAGNOSTIC_CHANNEL = true
# automatic
+F = $(notdir $+)
# environment
ORYX_PREFER_USER_INSTALLED_SDKS = true
# environment
PYTHONIOENCODING = UTF-8
# environment
VSCODE_HANDLES_UNCAUGHT_ERRORS = true
# automatic
^D = $(patsubst %/,%,$(dir $^))
# environment
HOSTNAME = codespaces_a4c165
# environment
ORYX_ENV_TYPE = vsonline-present
# environment
MAKELEVEL := 0
# default
MAKE = $(MAKE_COMMAND)
# environment
HUGO_ROOT = /home/codespace/.hugo
# default
MAKECMDGOALS := all
# environment
RUBY_ROOT = /home/codespace/.ruby
# environment
MAVEN_ROOT = /home/codespace/.maven
# environment
JAVA_HOME = /opt/java/lts
# default
MAKE_VERSION := 4.2.1
# environment
GITHUB_CODESPACE_TOKEN = AFIYUZIUTNW3RJE3XHY7HWDCGOLA3ANCNFSM4ABNZ3RQ
# makefile
.DEFAULT_GOAL := all
# environment
GOROOT = /usr/local/go
# automatic
%D = $(patsubst %/,%,$(dir $%))
# default
MAKE_COMMAND := make
# default
.VARIABLES := 
# automatic
*F = $(notdir $*)
# makefile
MAKEFLAGS = pqrR
# environment
MFLAGS = -pqrR
# automatic
*D = $(patsubst %/,%,$(dir $*))
# environment
NVM_DIR = /home/codespace/.nvm
# automatic
+D = $(patsubst %/,%,$(dir $+))
# makefile
SHELL = /bin/sh
# environment
BROWSER = /vscode/bin/linux-x64/c722ca6c7eed3d7987c0d5c3df5c45f6b15e77d1/bin/helpers/browser.sh
# environment
PHP_ROOT = /home/codespace/.php
# environment
RepositoryName = null
# environment
NVS_HOME = /home/codespace/.nvs
# environment
GITHUB_USER = danielpanero
# default
MAKEFILES := 
# automatic
<F = $(notdir $<)
# makefile (from 'makefile', line 3)
CXX = g++
# environment
GITHUB_API_URL = https://api.github.com
# environment
PWD = /workspaces/COM-112-Project
# environment
LC_ALL = C
# environment
GIT_COMMITTER_NAME = GitHub
# environment
CARGO_HOME = /usr/local/cargo
# environment
INTERNAL_VSCS_TARGET_URL = https://westeurope.online.visualstudio.com
# environment
GITHUB_REPOSITORY = danielpanero/COM-112-Project
# automatic
^F = $(notdir $^)
# default
SUFFIXES := 
# environment
GIT_COMMITTER_EMAIL = noreply@github.com
# default
.INCLUDE_DIRS = /usr/include /usr/local/include /usr/include
# makefile (from 'makefile', line 6)
OFILES = project.o simulation.o squarecell.o squarecell/error_squarecell.o simulation/anthill.cc simulation/ants.o simulation/food.o shared/message.o
# environment
DEBIAN_FLAVOR = focal-scm
# default
.RECIPEPREFIX := 
# default
MAKE_HOST := x86_64-pc-linux-gnu
# environment
RAILS_DEVELOPMENT_HOSTS = .githubpreview.dev
# environment
LANG = C
# environment
VSCODE_EXTHOST_WILL_SEND_SOCKET = true
# environment
ContainerVersion = 12
# variable set hash-table stats:
# Load=112/1024=11%, Rehash=0, Collisions=11/143=8%

# Pattern-specific Variable Values

# No pattern-specific variable values.

# Directories

# . (device 1792, inode 1310871): 18 files, no impossibilities.

# 18 files, no impossibilities in 1 directories.

# Implicit Rules
 

# No implicit rules.

# Files

# Not a target:
squarecell.cc:
#  Implicit rule search has been done.
#  Last modified 2022-03-17 09:43:27.713844413
#  File has been updated.
#  Successfully updated.

# Not a target:
simulation/anthill.h:
#  Implicit rule search has been done.
#  Last modified 2022-03-17 08:30:47.470361425
#  File has been updated.
#  Successfully updated.

# Not a target:
simulation/../shared/message.h:
#  Implicit rule search has not been done.
#  Modification time never checked.
#  File has not been updated.

all: project.o simulation.o squarecell.o squarecell/error_squarecell.o simulation/anthill.cc simulation/ants.o simulation/food.o shared/message.o
#  Command line target.
#  Implicit rule search has not been done.
#  Implicit/static pattern stem: ''
#  File does not exist.
#  File has been updated.
#  Needs to be updated (-q is set).
# automatic
# @ := all
# automatic
# % := 
# automatic
# * := 
# automatic
# + := project.o simulation.o squarecell.o squarecell/error_squarecell.o simulation/anthill.cc simulation/ants.o simulation/food.o shared/message.o
# automatic
# | := 
# automatic
# < := project.o
# automatic
# ^ := project.o simulation.o squarecell.o squarecell/error_squarecell.o simulation/anthill.cc simulation/ants.o simulation/food.o shared/message.o
# automatic
# ? := project.o simulation.o squarecell.o squarecell/error_squarecell.o simulation/anthill.cc simulation/ants.o simulation/food.o shared/message.o
# variable set hash-table stats:
# Load=8/32=25%, Rehash=0, Collisions=1/13=8%
#  recipe to execute (from 'makefile', line 9):
	$(CXX) $(OFILES) -o project

project.o: project.cc simulation.h
#  Implicit rule search has been done.
#  Last modified 2022-03-17 09:54:46.717378549
#  File has been updated.
#  Successfully updated.

# Not a target:
squarecell/error_squarecell.o:
#  Implicit rule search has been done.
#  Last modified 2022-03-17 09:50:36.260352792
#  File has been updated.
#  Successfully updated.

# Not a target:
simulation.h:
#  Implicit rule search has been done.
#  Last modified 2022-03-17 08:56:53.982902024
#  File has been updated.
#  Successfully updated.

# Not a target:
shared/message.o:
#  Implicit rule search has been done.
#  Last modified 2022-03-17 09:51:53.872805116
#  File has been updated.
#  Successfully updated.

# Not a target:
.SUFFIXES:
#  Implicit rule search has not been done.
#  Modification time never checked.
#  File has not been updated.

# Not a target:
project.cc:
#  Implicit rule search has been done.
#  Last modified 2022-03-11 12:41:06.127404624
#  File has been updated.
#  Successfully updated.

# Not a target:
squarecell/error_squarecell.cc:
#  Implicit rule search has not been done.
#  Modification time never checked.
#  File has not been updated.

# Not a target:
makefile:
#  Implicit rule search has been done.
#  Last modified 2022-03-17 10:12:19.638986417
#  File has been updated.
#  Successfully updated.

# Not a target:
shared/message.cc:
#  Implicit rule search has not been done.
#  Modification time never checked.
#  File has not been updated.

# Not a target:
squarecell.h:
#  Implicit rule search has been done.
#  Last modified 2022-03-17 09:42:59.017654644
#  File has been updated.
#  Successfully updated.

# Not a target:
simulation/../squarecell.h:
#  Implicit rule search has been done.
#  Last modified 2022-03-17 09:42:59.017654644
#  File has been updated.
#  Successfully updated.

# Not a target:
simulation/food.o:
#  Implicit rule search has been done.
#  Last modified 2022-03-17 09:51:53.668803922
#  File has been updated.
#  Successfully updated.

# Not a target:
simulation/ants.o:
#  Implicit rule search has been done.
#  Last modified 2022-03-17 09:51:17.416592187
#  File has been updated.
#  Successfully updated.

# Not a target:
simulation/food.cc:
#  Implicit rule search has not been done.
#  Modification time never checked.
#  File has not been updated.

depend:
#  Implicit rule search has not been done.
#  Modification time never checked.
#  File has not been updated.
#  recipe to execute (from 'makefile', line 12):
 
	@echo " *** MISE A JOUR DES DEPENDANCES ***"
	@(sed '/^# DO NOT DELETE THIS LINE/q' makefile && \
	  $(CXX) -MM $(CXXFLAGS) $(CXXFILES) | \
	  egrep -v "/usr/include" \
	 ) >makefile.new
	@mv makefile.new makefile

# Not a target:
simulation/ants.cc:
#  Implicit rule search has not been done.
#  Modification time never checked.
#  File has not been updated.

# Not a target:
.DEFAULT:
#  Implicit rule search has not been done.
#  Modification time never checked.
#  File has not been updated.

# Not a target:
simulation/anthill.cc:
#  Implicit rule search has been done.
#  Last modified 2022-03-17 10:09:10.782502427
#  File has been updated.
#  Successfully updated.

clean:
#  Implicit rule search has not been done.
#  Modification time never checked.
#  File has not been updated.
#  recipe to execute (from 'makefile', line 20):
	@echo " *** EFFACE MODULES OBJET ET EXECUTABLE ***"
	@/bin/rm -f *.o *.x *.cc~ *.h~ prog

# Not a target:
squarecell/error_squarecell.h:
#  Implicit rule search has been done.
#  Last modified 2022-03-11 10:39:52.840183947
#  File has been updated.
#  Successfully updated.

ants.o: simulation/ants.cc simulation/../squarecell.h simulation/../shared/message.h simulation/ants.h
#  Implicit rule search has not been done.
#  Modification time never checked.
#  File has not been updated.

# Not a target:
shared/message.h:
#  Implicit rule search has been done.
#  Last modified 2022-03-11 10:39:58.316252786
#  File has been updated.
#  Successfully updated.

simulation.o: simulation.cc simulation/food.h simulation/../squarecell.h simulation/anthill.h simulation/ants.h shared/message.h simulation.h
#  Implicit rule search has been done.
#  Last modified 2022-03-17 09:54:47.229381026
#  File has been updated.
#  Successfully updated.

message.o: shared/message.cc shared/message.h
#  Implicit rule search has not been done.
#  Modification time never checked.
#  File has not been updated.

anthill.o: simulation/anthill.cc simulation/../squarecell.h simulation/anthill.h
#  Implicit rule search has not been done.
#  Modification time never checked.
#  File has not been updated.

food.o: simulation/food.cc simulation/../squarecell.h simulation/../shared/message.h simulation/food.h
#  Implicit rule search has not been done.
#  Modification time never checked.
#  File has not been updated.

# Not a target:
simulation.cc:
#  Implicit rule search has been done.
#  Last modified 2022-03-17 09:39:59.960635223
#  File has been updated.
#  Successfully updated.

# Not a target:
simulation/food.h:
#  Implicit rule search has been done.
#  Last modified 2022-03-17 09:51:40.30472577
#  File has been updated.
#  Successfully updated.

squarecell.o: squarecell.cc squarecell/error_squarecell.h squarecell.h
#  Implicit rule search has been done.
#  Last modified 2022-03-17 09:54:47.649384519
#  File has been updated.
#  Successfully updated.

error_squarecell.o: squarecell/error_squarecell.cc squarecell/error_squarecell.h
#  Implicit rule search has not been done.
#  Modification time never checked.
#  File has not been updated.

# Not a target:
simulation/ants.h:
#  Implicit rule search has been done.
#  Last modified 2022-03-17 08:31:13.554462581
#  File has been updated.
#  Successfully updated.

# files hash-table stats:
# Load=35/1024=3%, Rehash=0, Collisions=5/85=6%
# VPATH Search Paths

# No 'vpath' search paths.

# No general ('VPATH' variable) search path.

# strcache buffers: 1 (0) / strings = 46 / storage = 651 B / avg = 14 B
# current buf: size = 8162 B / used = 651 B / count = 46 / avg = 14 B

# strcache performance: lookups = 85 / hit rate = 45%
# hash-table stats:
 
# Load=46/8192=1%, Rehash=0, Collisions=1/85=1%
# Finished Make data base on Thu Mar 17 10:12:35 2022

 
